<?xml version="1.0" encoding="UTF-8"?>
<testng-results ignored="0" total="1" passed="1" failed="0" skipped="0">
  <reporter-output>
  </reporter-output>
  <suite started-at="2023-08-03T13:55:33 EET" name="Kazooo And More Regression Suite" finished-at="2023-08-03T13:55:40 EET" duration-ms="6508">
    <groups>
    </groups>
    <test started-at="2023-08-03T13:55:33 EET" name="C:/Users/Mostafa/IdeaProjects/automate_kazo/src/test/java/tests" finished-at="2023-08-03T13:55:40 EET" duration-ms="6508">
      <class name="tests.UserRegistrationTest">
        <test-method is-config="true" signature="startDriver(java.lang.String)[pri:0, instance:tests.UserRegistrationTest@29176cc1]" started-at="2023-08-03T13:55:27 EET" name="startDriver" finished-at="2023-08-03T13:55:33 EET" duration-ms="6245" status="PASS">
          <params>
            <param index="0">
              <value>
                <![CDATA[chrome]]>
              </value>
            </param>
          </params>
          <reporter-output>
          </reporter-output>
        </test-method> <!-- startDriver -->
        <test-method signature="UserCanRegisterSuccessfully()[pri:1, instance:tests.UserRegistrationTest@29176cc1]" started-at="2023-08-03T13:55:33 EET" name="UserCanRegisterSuccessfully" finished-at="2023-08-03T13:55:40 EET" duration-ms="6474" status="PASS">
          <reporter-output>
          </reporter-output>
        </test-method> <!-- UserCanRegisterSuccessfully -->
        <test-method is-config="true" signature="stopDriver()[pri:0, instance:tests.UserRegistrationTest@29176cc1]" started-at="2023-08-03T13:55:40 EET" name="stopDriver" finished-at="2023-08-03T13:55:40 EET" duration-ms="199" status="PASS">
          <reporter-output>
          </reporter-output>
        </test-method> <!-- stopDriver -->
      </class> <!-- tests.UserRegistrationTest -->
    </test> <!-- C:/Users/Mostafa/IdeaProjects/automate_kazo/src/test/java/tests -->
  </suite> <!-- Kazooo And More Regression Suite -->
</testng-results>
